<?xml version="1.0" encoding="UTF-8"?>
<!-- Generated by org.testng.reporters.JUnitReportReporter -->
<testsuite hostname="QT-INBG-LT0311" failures="0" tests="1" name="Mobileworld.signin" time="10.353" errors="0" timestamp="2022-08-01T22:24:15 IST" skipped="0">
  <testcase classname="Mobileworld.signin" name="launch" time="10.353"/>
  <system-out/>
</testsuite> <!-- Mobileworld.signin -->
