<?xml version="1.0" encoding="UTF-8"?>
<!-- Generated by org.testng.reporters.JUnitReportReporter -->
<testsuite hostname="QT-INBG-LT0311" failures="0" tests="1" name="Mobileworld.contactus" time="3.631" errors="0" timestamp="2022-08-01T22:21:07 IST" skipped="0">
  <testcase classname="Mobileworld.contactus" name="contact" time="3.631"/>
  <system-out/>
</testsuite> <!-- Mobileworld.contactus -->
