<?xml version="1.0" encoding="UTF-8"?>
<!-- Generated by org.testng.reporters.JUnitReportReporter -->
<testsuite hostname="QT-INBG-LT0311" failures="0" tests="1" name="Mobileworld.order" time="24.017" errors="0" timestamp="2022-08-01T22:21:07 IST" skipped="0">
  <testcase classname="Mobileworld.order" name="Order" time="24.017"/>
  <system-out/>
</testsuite> <!-- Mobileworld.order -->
